------------------------------------------------------------------------------------------------------------------------

[2024-04-17 16:21:39 #1 store] 
Database '/home/cfgs/Escriptori/Andres Bernal/m3/ExerciciConsultesObjectDB/202021-UF5-FXML-Preguntes-ALUMNES/db/examen.odb' is opened by 7802@pc-info-host

[2024-04-17 16:21:39 #2 store] 
Configuration path: ?

[2024-04-17 16:21:39 #3 type] 
Type m3.uf5.preguntes.examen.model.Examen is not enhanced.

[2024-04-17 16:21:39 #4 type] 
Type m3.uf5.preguntes.examen.model.Estudiant is not enhanced.

[2024-04-17 16:21:39 #5 type] 
Type m3.uf5.preguntes.examen.model.Pregunta is not enhanced.

[2024-04-17 16:21:39 #6 type] 
Type m3.uf5.preguntes.examen.model.UnitatFormativa is not enhanced.

[2024-04-17 16:21:39 #7 type] 
Type m3.uf5.preguntes.examen.model.Lliurament is not enhanced.

[2024-04-17 16:21:39 #8 type] 
Type m3.uf5.preguntes.examen.model.PreguntaOberta is not enhanced.

[2024-04-17 16:21:39 #9 type] 
Type m3.uf5.preguntes.examen.model.PreguntaOpcions is not enhanced.

------------------------------------------------------------------------------------------------------------------------

[2024-04-17 16:50:30 #1 store] 
Database '/home/cfgs/Escriptori/Andres Bernal/m3/ExerciciConsultesObjectDB/202021-UF5-FXML-Preguntes-ALUMNES/db/examen.odb' is opened by 8433@pc-info-host

[2024-04-17 16:50:30 #2 store] 
Configuration path: ?

[2024-04-17 16:50:30 #3 type] 
Type m3.uf5.preguntes.examen.model.Examen is not enhanced.

[2024-04-17 16:50:30 #4 type] 
Type m3.uf5.preguntes.examen.model.Estudiant is not enhanced.

[2024-04-17 16:50:30 #5 type] 
Type m3.uf5.preguntes.examen.model.Pregunta is not enhanced.

[2024-04-17 16:50:30 #6 type] 
Type m3.uf5.preguntes.examen.model.UnitatFormativa is not enhanced.

[2024-04-17 16:50:30 #7 type] 
Type m3.uf5.preguntes.examen.model.Lliurament is not enhanced.

[2024-04-17 16:50:30 #8 type] 
Type m3.uf5.preguntes.examen.model.PreguntaOberta is not enhanced.

[2024-04-17 16:50:30 #9 type] 
Type m3.uf5.preguntes.examen.model.PreguntaOpcions is not enhanced.

[2024-04-17 16:50:30 #10 store] 
Database '/home/cfgs/Escriptori/Andres Bernal/m3/ExerciciConsultesObjectDB/202021-UF5-FXML-Preguntes-ALUMNES/db/examen.odb' is closed by 8433@pc-info-host

------------------------------------------------------------------------------------------------------------------------

[2024-04-17 16:51:35 #1 store] 
Database '/home/cfgs/Escriptori/Andres Bernal/m3/ExerciciConsultesObjectDB/202021-UF5-FXML-Preguntes-ALUMNES/db/examen.odb' is opened by 8546@pc-info-host

[2024-04-17 16:51:35 #2 store] 
Configuration path: ?

[2024-04-17 16:51:36 #3 type] 
Type m3.uf5.preguntes.examen.model.Examen is not enhanced.

[2024-04-17 16:51:36 #4 type] 
Type m3.uf5.preguntes.examen.model.Estudiant is not enhanced.

[2024-04-17 16:51:36 #5 type] 
Type m3.uf5.preguntes.examen.model.Pregunta is not enhanced.

[2024-04-17 16:51:36 #6 type] 
Type m3.uf5.preguntes.examen.model.UnitatFormativa is not enhanced.

[2024-04-17 16:51:36 #7 type] 
Type m3.uf5.preguntes.examen.model.Lliurament is not enhanced.

[2024-04-17 16:51:36 #8 type] 
Type m3.uf5.preguntes.examen.model.PreguntaOberta is not enhanced.

[2024-04-17 16:51:36 #9 type] 
Type m3.uf5.preguntes.examen.model.PreguntaOpcions is not enhanced.

[2024-04-17 16:51:36 #10 store] 
Database '/home/cfgs/Escriptori/Andres Bernal/m3/ExerciciConsultesObjectDB/202021-UF5-FXML-Preguntes-ALUMNES/db/examen.odb' is closed by 8546@pc-info-host

------------------------------------------------------------------------------------------------------------------------

[2024-04-17 16:51:46 #1 store] 
Database '/home/cfgs/Escriptori/Andres Bernal/m3/ExerciciConsultesObjectDB/202021-UF5-FXML-Preguntes-ALUMNES/db/examen.odb' is opened by 8589@pc-info-host

[2024-04-17 16:51:46 #2 store] 
Configuration path: ?

[2024-04-17 16:51:46 #3 type] 
Type m3.uf5.preguntes.examen.model.Examen is not enhanced.

[2024-04-17 16:51:46 #4 type] 
Type m3.uf5.preguntes.examen.model.Estudiant is not enhanced.

[2024-04-17 16:51:46 #5 type] 
Type m3.uf5.preguntes.examen.model.Pregunta is not enhanced.

[2024-04-17 16:51:46 #6 type] 
Type m3.uf5.preguntes.examen.model.UnitatFormativa is not enhanced.

[2024-04-17 16:51:46 #7 type] 
Type m3.uf5.preguntes.examen.model.Lliurament is not enhanced.

[2024-04-17 16:51:46 #8 type] 
Type m3.uf5.preguntes.examen.model.PreguntaOberta is not enhanced.

[2024-04-17 16:51:46 #9 type] 
Type m3.uf5.preguntes.examen.model.PreguntaOpcions is not enhanced.

[2024-04-17 16:51:46 #10 store] 
Database '/home/cfgs/Escriptori/Andres Bernal/m3/ExerciciConsultesObjectDB/202021-UF5-FXML-Preguntes-ALUMNES/db/examen.odb' is closed by 8589@pc-info-host

------------------------------------------------------------------------------------------------------------------------

[2024-04-17 16:53:27 #1 store] 
Database '/home/cfgs/Escriptori/Andres Bernal/m3/ExerciciConsultesObjectDB/202021-UF5-FXML-Preguntes-ALUMNES/db/examen.odb' is opened by 8740@pc-info-host

[2024-04-17 16:53:27 #2 store] 
Configuration path: ?

[2024-04-17 16:53:27 #3 type] 
Type m3.uf5.preguntes.examen.model.Examen is not enhanced.

[2024-04-17 16:53:27 #4 type] 
Type m3.uf5.preguntes.examen.model.Estudiant is not enhanced.

[2024-04-17 16:53:27 #5 type] 
Type m3.uf5.preguntes.examen.model.Pregunta is not enhanced.

[2024-04-17 16:53:27 #6 type] 
Type m3.uf5.preguntes.examen.model.UnitatFormativa is not enhanced.

[2024-04-17 16:53:27 #7 type] 
Type m3.uf5.preguntes.examen.model.Lliurament is not enhanced.

[2024-04-17 16:53:27 #8 type] 
Type m3.uf5.preguntes.examen.model.PreguntaOberta is not enhanced.

[2024-04-17 16:53:27 #9 type] 
Type m3.uf5.preguntes.examen.model.PreguntaOpcions is not enhanced.

[2024-04-17 16:53:27 #10 store] 
Database '/home/cfgs/Escriptori/Andres Bernal/m3/ExerciciConsultesObjectDB/202021-UF5-FXML-Preguntes-ALUMNES/db/examen.odb' is closed by 8740@pc-info-host

------------------------------------------------------------------------------------------------------------------------

[2024-04-17 16:53:41 #1 store] 
Database '/home/cfgs/Escriptori/Andres Bernal/m3/ExerciciConsultesObjectDB/202021-UF5-FXML-Preguntes-ALUMNES/db/examen.odb' is opened by 8794@pc-info-host

[2024-04-17 16:53:41 #2 store] 
Configuration path: ?

[2024-04-17 16:53:41 #3 type] 
Type m3.uf5.preguntes.examen.model.Examen is not enhanced.

[2024-04-17 16:53:41 #4 type] 
Type m3.uf5.preguntes.examen.model.Estudiant is not enhanced.

[2024-04-17 16:53:41 #5 type] 
Type m3.uf5.preguntes.examen.model.Pregunta is not enhanced.

[2024-04-17 16:53:41 #6 type] 
Type m3.uf5.preguntes.examen.model.UnitatFormativa is not enhanced.

[2024-04-17 16:53:41 #7 type] 
Type m3.uf5.preguntes.examen.model.Lliurament is not enhanced.

[2024-04-17 16:53:41 #8 type] 
Type m3.uf5.preguntes.examen.model.PreguntaOberta is not enhanced.

[2024-04-17 16:53:41 #9 type] 
Type m3.uf5.preguntes.examen.model.PreguntaOpcions is not enhanced.

[2024-04-17 16:53:41 #10 store] 
Database '/home/cfgs/Escriptori/Andres Bernal/m3/ExerciciConsultesObjectDB/202021-UF5-FXML-Preguntes-ALUMNES/db/examen.odb' is closed by 8794@pc-info-host

